<?xml version="1.0" encoding="UTF-8"?>
<!-- Generated by org.testng.reporters.JUnitXMLReporter -->
<testsuite hostname="AMadan-e5570" ignored="0" name="Test-1" tests="1" failures="0" timestamp="09 Feb 2018 02:25:44 GMT" time="43.16" errors="0">
  <testcase name="isTenCharTest" time="37.697" classname="com.ss.gui.tests.DynamicContentTest"/>
</testsuite> <!-- Test-1 -->
