<?xml version="1.0" encoding="UTF-8"?>
<!-- Generated by org.testng.reporters.JUnitReportReporter -->
<testsuite name="com.ss.gui.tests.DynamicContentTest" tests="1" time="37.697" ignored="0" failures="0" timestamp="09 Feb 2018 02:25:44 GMT" skipped="0" hostname="AMadan-e5570" errors="0">
  <testcase name="isTenCharTest" time="37.697" classname="com.ss.gui.tests.DynamicContentTest"/>
</testsuite> <!-- com.ss.gui.tests.DynamicContentTest -->
